Call func run((<__main__.Client object at 0x7f7ee3135710>,) / {}) from <module> function
Returns None

Call func sendjson((<__main__.Client object at 0x7f7ee3135710>, 'enter', None, ('localhost', 8080)) / {}) from run function
Returns 76

Call func sendjson((<__main__.Client object at 0x7f7ee3135710>, 'help', None, ('localhost', 8080)) / {}) from run function
Returns 75

Call func sendjson((<__main__.Client object at 0x7f7ee3135710>, 'getonline', None, ('localhost', 8080)) / {}) from run function
Returns 80

Call func sendjson((<__main__.Client object at 0x7f7ee3135710>, 'exit', None, ('localhost', 8080)) / {}) from run function
Returns 75

Call func receiving((<__main__.Client object at 0x7f7ee3135710>,) / {}) from run function
Returns None

Call func run((<__main__.Client object at 0x7fa8bc410748>,) / {}) from <module> function
Returns None

Call func sendjson((<__main__.Client object at 0x7fa8bc410748>, 'enter', None, ('localhost', 8080)) / {}) from run function
Returns 76

Call func sendjson((<__main__.Client object at 0x7fa8bc410748>, 'exit', None, ('localhost', 8080)) / {}) from run function
Returns 75

Call func receiving((<__main__.Client object at 0x7fa8bc410748>,) / {}) from run function
Returns None

Call func run((<__main__.Client object at 0x7fd48aa355c0>,) / {}) from <module> function
Returns None

Call func sendjson((<__main__.Client object at 0x7fd48aa355c0>, 'enter', None, ('localhost', 8080)) / {}) from run function
Returns 76

Call func sendjson((<__main__.Client object at 0x7fd48aa355c0>, 'exit', None, ('localhost', 8080)) / {}) from run function
Returns 75

Call func receiving((<__main__.Client object at 0x7fd48aa355c0>,) / {}) from run function
Returns None

Call func run((<__main__.Client object at 0x7f1238b595c0>,) / {}) from <module> function
Returns None

Call func sendjson((<__main__.Client object at 0x7f1238b595c0>, 'enter', None, ('localhost', 8080)) / {}) from run function
Returns 76

Call func sendjson((<__main__.Client object at 0x7f1238b595c0>, 'msg', 'g', ('localhost', 8080)) / {}) from run function
Returns 71

Call func sendjson((<__main__.Client object at 0x7f1238b595c0>, 'msg', 'hafd', ('localhost', 8080)) / {}) from run function
Returns 74

Call func sendjson((<__main__.Client object at 0x7f1238b595c0>, 'msg', 'dfg', ('localhost', 8080)) / {}) from run function
Returns 73

Call func sendjson((<__main__.Client object at 0x7f1238b595c0>, 'exit', None, ('localhost', 8080)) / {}) from run function
Returns 75

Call func receiving((<__main__.Client object at 0x7f1238b595c0>,) / {}) from run function
Returns None

